<?xml version="1.0" encoding="UTF-8"?>
<!-- Generated by org.testng.reporters.JUnitReportReporter -->
<testsuite hostname="Asus_Machine" failures="0" tests="2" name="co.edurekatraining.ParallelExample" time="0.029" errors="0" timestamp="2024-07-02T22:24:38 IST" skipped="0">
  <testcase classname="co.edurekatraining.ParallelExample" name="tc1" time="0.015">
    <system-out>
      <![CDATA[browser is chrome]]>
    </system-out>
  </testcase> <!-- tc1 -->
  <testcase classname="co.edurekatraining.ParallelExample" name="tc1" time="0.014">
    <system-out>
      <![CDATA[browser is chrome]]>
    </system-out>
  </testcase> <!-- tc1 -->
  <system-out>
    <![CDATA[browser is chrome
browser is chrome]]>
  </system-out>
</testsuite> <!-- co.edurekatraining.ParallelExample -->
