<?xml version="1.0" encoding="UTF-8"?>
<!-- Generated by org.testng.reporters.JUnitReportReporter -->
<testsuite hostname="Asus_Machine" failures="0" tests="2" name="co.edurekatraining.ParameterExample" time="0.012" errors="0" timestamp="2024-07-02T22:11:08 IST" skipped="0">
  <testcase classname="co.edurekatraining.ParameterExample" name="Login" time="0.011">
    <system-out>
      <![CDATA[Username isdan@gmail.com
Password is12345]]>
    </system-out>
  </testcase> <!-- Login -->
  <testcase classname="co.edurekatraining.ParameterExample" name="invlidLogin" time="0.001">
    <system-out>
      <![CDATA[invalid Username ismonster@gmail
invalid Password is40293939]]>
    </system-out>
  </testcase> <!-- invlidLogin -->
  <system-out>
    <![CDATA[Username isdan@gmail.com
Password is12345
invalid Username ismonster@gmail
invalid Password is40293939]]>
  </system-out>
</testsuite> <!-- co.edurekatraining.ParameterExample -->
