<?xml version="1.0" encoding="UTF-8"?>
<!-- Generated by org.testng.reporters.JUnitReportReporter -->
<testsuite hostname="Asus_Machine" failures="0" tests="2" name="co.edurekatraining.Dataprovider" time="0.009" errors="0" timestamp="2024-07-02T22:30:23 IST" skipped="0">
  <testcase classname="co.edurekatraining.Dataprovider" name="loginValidation" time="0.008">
    <system-out>
      <![CDATA[id is guru@fmail.com
pwd is 12345]]>
    </system-out>
  </testcase> <!-- loginValidation -->
  <testcase classname="co.edurekatraining.Dataprovider" name="loginValidation" time="0.001">
    <system-out>
      <![CDATA[id is ravi@fb.com
pwd is jaksks]]>
    </system-out>
  </testcase> <!-- loginValidation -->
  <system-out>
    <![CDATA[id is guru@fmail.com
pwd is 12345
id is ravi@fb.com
pwd is jaksks]]>
  </system-out>
</testsuite> <!-- co.edurekatraining.Dataprovider -->
