<?xml version="1.0" encoding="UTF-8"?>
<!-- Generated by org.testng.reporters.JUnitReportReporter -->
<testsuite hostname="Asus_Machine" failures="0" tests="1" name="co.edurekatraining.Parrameter" time="0.007" errors="0" timestamp="2024-07-02T22:01:17 IST" skipped="0">
  <testcase classname="co.edurekatraining.Parrameter" name="login" time="0.007"/>
</testsuite> <!-- co.edurekatraining.Parrameter -->
