<?xml version="1.0" encoding="UTF-8"?>
<!-- Generated by org.testng.reporters.JUnitReportReporter -->
<testsuite hostname="Asus_Machine" failures="0" tests="1" name="co.edurekatraining.group" time="0.010" errors="0" timestamp="2024-06-27T13:30:27 IST" skipped="0">
  <testcase classname="co.edurekatraining.group" name="tc1" time="0.010"/>
</testsuite> <!-- co.edurekatraining.group -->
