<?xml version="1.0" encoding="UTF-8"?>
<!-- Generated by org.testng.reporters.JUnitReportReporter -->
<testsuite hostname="Asus_Machine" failures="0" tests="2" name="test.NormalClass" time="0.013" errors="0" timestamp="2024-04-27T08:53:28 IST" skipped="0">
  <testcase classname="test.NormalClass" name="tc2" time="0.003"/>
  <testcase classname="test.NormalClass" name="tc1" time="0.010"/>
</testsuite> <!-- test.NormalClass -->
